#
# A fatal error has been detected by the Java Runtime Environment:
#
#  EXCEPTION_ACCESS_VIOLATION (0xc0000005) at pc=0x00007ff91466e4b4, pid=6996, tid=0x00000000000035a0
#
# JRE version: Java(TM) SE Runtime Environment (8.0_131-b11) (build 1.8.0_131-b11)
# Java VM: Java HotSpot(TM) 64-Bit Server VM (25.131-b11 mixed mode windows-amd64 compressed oops)
# Problematic frame:
# C  [ig9icd64.dll+0x69e4b4]
#
# Failed to write core dump. Minidumps are not enabled by default on client versions of Windows
#
# If you would like to submit a bug report, please visit:
#   http://bugreport.java.com/bugreport/crash.jsp
# The crash happened outside the Java Virtual Machine in native code.
# See problematic frame for where to report the bug.
#

---------------  T H R E A D  ---------------

Current thread (0x000000001d440000):  JavaThread "AWT-EventQueue-0" [_thread_in_native, id=13728, stack(0x000000001ed20000,0x000000001ee20000)]

siginfo: ExceptionCode=0xc0000005, reading address 0x0000000000000010

Registers:
RAX=0x0000000000000002, RBX=0x00000000fffffda4, RCX=0x00000000237f3140, RDX=0x000000001ee161a0
RSP=0x000000001ee15690, RBP=0x000000001ee157d0, RSI=0x0000000000000298, RDI=0x000000001ee163d0
R8 =0x0000000000000000, R9 =0x0000000023817ab0, R10=0x00007ff913fd0000, R11=0x0000000000002710
R12=0x0000000000000006, R13=0x00000000000001a6, R14=0x000000001ee16130, R15=0x00000000237f3140
RIP=0x00007ff91466e4b4, EFLAGS=0x0000000000010206

Top of Stack: (sp=0x000000001ee15690)
0x000000001ee15690:   00000000237f3140 00007ff914672370
0x000000001ee156a0:   0000000023817ab0 0000000000000001
0x000000001ee156b0:   00000000237f3140 0000000000000277
0x000000001ee156c0:   000000001ee163d0 00007ff9146eddd1
0x000000001ee156d0:   00000000fffffda4 0000000000000298
0x000000001ee156e0:   000000001ee157d0 0000000000000277
0x000000001ee156f0:   000000001ee16750 000000001ee15710
0x000000001ee15700:   000000001ee16200 0000000023816980
0x000000001ee15710:   0000000000000045 0000000023817270
0x000000001ee15720:   0000000000000000 000000002511bbe8
0x000000001ee15730:   0000000025174758 00007ff91e7a0360
0x000000001ee15740:   000000002511cd00 00007ff95a8a02bf
0x000000001ee15750:   000000001ee16a00 00000000250bb8b8
0x000000001ee15760:   0000000000000010 0000000019784920
0x000000001ee15770:   0000664525161320 000000001980bba0
0x000000001ee15780:   000000001ee15d70 000000001ee15d86 

Instructions: (pc=0x00007ff91466e4b4)
0x00007ff91466e494:   4c 8d 05 ad 90 32 00 48 83 c1 18 4c 89 4c 24 20
0x00007ff91466e4a4:   e8 f7 55 05 00 b0 01 48 83 c4 38 c3 48 83 ec 38
0x00007ff91466e4b4:   49 8b 40 10 80 78 43 04 75 32 48 83 78 08 00 75
0x00007ff91466e4c4:   2b 48 83 78 18 00 75 24 44 0f b6 80 81 00 00 00 


Register to memory mapping:

RAX=0x0000000000000002 is an unknown value
RBX=0x00000000fffffda4 is an unallocated location in the heap
RCX=0x00000000237f3140 is an unknown value
RDX=0x000000001ee161a0 is pointing into the stack for thread: 0x000000001d440000
RSP=0x000000001ee15690 is pointing into the stack for thread: 0x000000001d440000
RBP=0x000000001ee157d0 is pointing into the stack for thread: 0x000000001d440000
RSI=0x0000000000000298 is an unknown value
RDI=0x000000001ee163d0 is pointing into the stack for thread: 0x000000001d440000
R8 =0x0000000000000000 is an unknown value
R9 =0x0000000023817ab0 is an unknown value
R10=0x00007ff913fd0000 is an unknown value
R11=0x0000000000002710 is an unknown value
R12=0x0000000000000006 is an unknown value
R13=0x00000000000001a6 is an unknown value
R14=0x000000001ee16130 is pointing into the stack for thread: 0x000000001d440000
R15=0x00000000237f3140 is an unknown value


Stack: [0x000000001ed20000,0x000000001ee20000],  sp=0x000000001ee15690,  free space=981k
Native frames: (J=compiled Java code, j=interpreted, Vv=VM code, C=native code)
C  [ig9icd64.dll+0x69e4b4]
C  [ig9icd64.dll+0x71ddd1]
C  [ig9icd64.dll+0x6f9cd6]
C  [ig9icd64.dll+0x698b7c]
C  [ig9icd64.dll+0x6075d5]
C  [ig9icd64.dll+0x607eca]
C  [ig9icd64.dll+0x614a67]
C  [ig9icd64.dll+0x179a15]
C  [ig9icd64.dll+0x179710]
C  0x0000000005297f74

Java frames: (J=compiled Java code, j=interpreted, Vv=VM code)
j  jogamp.opengl.gl4.GL4bcImpl.dispatch_glCompileShader1(IJ)V+0
j  jogamp.opengl.gl4.GL4bcImpl.glCompileShader(I)V+40
j  robotrace.ShaderProgram.createShader(Lcom/jogamp/opengl/GL2;Ljava/lang/String;I)I+60
j  robotrace.ShaderProgram.getShaderProgram(Lcom/jogamp/opengl/GL2;Lcom/jogamp/opengl/glu/GLU;Ljava/lang/String;Ljava/lang/String;Ljava/lang/String;)I+59
j  robotrace.ShaderProgram.<init>(Lcom/jogamp/opengl/GL2;Lcom/jogamp/opengl/glu/GLU;Ljava/lang/String;Ljava/lang/String;Ljava/lang/String;)V+18
j  robotrace.ShaderPrograms.setupShaders(Lcom/jogamp/opengl/GL2;Lcom/jogamp/opengl/glu/GLU;)V+62
j  robotrace.RobotRace.initialize()V+80
j  robotrace.Base$GLEventDelegate.init(Lcom/jogamp/opengl/GLAutoDrawable;)V+151
j  jogamp.opengl.GLDrawableHelper.reshape(Lcom/jogamp/opengl/GLAutoDrawable;IIII)V+63
j  com.jogamp.opengl.awt.GLJPanel$Updater.display(Lcom/jogamp/opengl/GLAutoDrawable;)V+177
j  com.jogamp.opengl.awt.GLJPanel$10.run()V+11
j  jogamp.opengl.GLDrawableHelper.invokeGLImpl(Lcom/jogamp/opengl/GLDrawable;Lcom/jogamp/opengl/GLContext;Ljava/lang/Runnable;Ljava/lang/Runnable;)V+203
j  jogamp.opengl.GLDrawableHelper.invokeGL(Lcom/jogamp/opengl/GLDrawable;Lcom/jogamp/opengl/GLContext;Ljava/lang/Runnable;Ljava/lang/Runnable;)V+72
j  com.jogamp.opengl.awt.GLJPanel$OffscreenBackend.doPaintComponent(Ljava/awt/Graphics;)V+29
j  com.jogamp.opengl.awt.GLJPanel.paintComponent(Ljava/awt/Graphics;)V+224
j  javax.swing.JComponent.paint(Ljava/awt/Graphics;)V+286
j  javax.swing.JComponent.paintChildren(Ljava/awt/Graphics;)V+501
j  javax.swing.JComponent.paint(Ljava/awt/Graphics;)V+318
j  javax.swing.JComponent.paintChildren(Ljava/awt/Graphics;)V+501
j  javax.swing.JComponent.paint(Ljava/awt/Graphics;)V+318
j  javax.swing.JLayeredPane.paint(Ljava/awt/Graphics;)V+73
j  javax.swing.JComponent.paintChildren(Ljava/awt/Graphics;)V+501
j  javax.swing.JComponent.paintToOffscreen(Ljava/awt/Graphics;IIIIII)V+72
j  javax.swing.RepaintManager$PaintManager.paintDoubleBuffered(Ljavax/swing/JComponent;Ljava/awt/Image;Ljava/awt/Graphics;IIII)V+163
j  javax.swing.RepaintManager$PaintManager.paint(Ljavax/swing/JComponent;Ljavax/swing/JComponent;Ljava/awt/Graphics;IIII)Z+116
j  javax.swing.RepaintManager.paint(Ljavax/swing/JComponent;Ljavax/swing/JComponent;Ljava/awt/Graphics;IIII)V+51
j  javax.swing.JComponent.paint(Ljava/awt/Graphics;)V+221
j  java.awt.GraphicsCallback$PaintCallback.run(Ljava/awt/Component;Ljava/awt/Graphics;)V+2
j  sun.awt.SunGraphicsCallback.runOneComponent(Ljava/awt/Component;Ljava/awt/Rectangle;Ljava/awt/Graphics;Ljava/awt/Shape;I)V+155
j  sun.awt.SunGraphicsCallback.runComponents([Ljava/awt/Component;Ljava/awt/Graphics;I)V+194
j  java.awt.Container.paint(Ljava/awt/Graphics;)V+58
j  java.awt.Window.paint(Ljava/awt/Graphics;)V+68
j  javax.swing.RepaintManager$4.run()Ljava/lang/Void;+142
j  javax.swing.RepaintManager$4.run()Ljava/lang/Object;+1
v  ~StubRoutines::call_stub
j  java.security.AccessController.doPrivileged(Ljava/security/PrivilegedAction;Ljava/security/AccessControlContext;)Ljava/lang/Object;+0
j  java.security.ProtectionDomain$JavaSecurityAccessImpl.doIntersectionPrivilege(Ljava/security/PrivilegedAction;Ljava/security/AccessControlContext;Ljava/security/AccessControlContext;)Ljava/lang/Object;+18
j  javax.swing.RepaintManager.paintDirtyRegions(Ljava/util/Map;)V+154
j  javax.swing.RepaintManager.paintDirtyRegions()V+46
j  javax.swing.RepaintManager.prePaintDirtyRegions()V+73
j  javax.swing.RepaintManager.access$1200(Ljavax/swing/RepaintManager;)V+1
j  javax.swing.RepaintManager$ProcessingRunnable.run()V+37
j  java.awt.event.InvocationEvent.dispatch()V+47
j  java.awt.EventQueue.dispatchEventImpl(Ljava/awt/AWTEvent;Ljava/lang/Object;)V+21
j  java.awt.EventQueue.access$500(Ljava/awt/EventQueue;Ljava/awt/AWTEvent;Ljava/lang/Object;)V+3
j  java.awt.EventQueue$3.run()Ljava/lang/Void;+32
j  java.awt.EventQueue$3.run()Ljava/lang/Object;+1
v  ~StubRoutines::call_stub
j  java.security.AccessController.doPrivileged(Ljava/security/PrivilegedAction;Ljava/security/AccessControlContext;)Ljava/lang/Object;+0
j  java.security.ProtectionDomain$JavaSecurityAccessImpl.doIntersectionPrivilege(Ljava/security/PrivilegedAction;Ljava/security/AccessControlContext;Ljava/security/AccessControlContext;)Ljava/lang/Object;+18
j  java.awt.EventQueue.dispatchEvent(Ljava/awt/AWTEvent;)V+46
j  java.awt.EventDispatchThread.pumpOneEventForFilters(I)V+245
j  java.awt.EventDispatchThread.pumpEventsForFilter(ILjava/awt/Conditional;Ljava/awt/EventFilter;)V+35
j  java.awt.EventDispatchThread.pumpEventsForHierarchy(ILjava/awt/Conditional;Ljava/awt/Component;)V+11
j  java.awt.EventDispatchThread.pumpEvents(ILjava/awt/Conditional;)V+4
j  java.awt.EventDispatchThread.pumpEvents(Ljava/awt/Conditional;)V+3
j  java.awt.EventDispatchThread.run()V+9
v  ~StubRoutines::call_stub

---------------  P R O C E S S  ---------------

Java Threads: ( => current thread )
  0x000000000507e000 JavaThread "DestroyJavaVM" [_thread_blocked, id=7264, stack(0x0000000005080000,0x0000000005180000)]
  0x000000001da47000 JavaThread "main-FPSAWTAnimator#00-Timer0" [_thread_blocked, id=9248, stack(0x00000000251f0000,0x00000000252f0000)]
  0x000000001d48b000 JavaThread "main-SharedResourceRunner" daemon [_thread_blocked, id=1484, stack(0x000000001f220000,0x000000001f320000)]
=>0x000000001d440000 JavaThread "AWT-EventQueue-0" [_thread_in_native, id=13728, stack(0x000000001ed20000,0x000000001ee20000)]
  0x000000001d330800 JavaThread "AWT-Windows" daemon [_thread_in_native, id=14592, stack(0x000000001dc70000,0x000000001dd70000)]
  0x000000001d32d800 JavaThread "AWT-Shutdown" [_thread_blocked, id=10904, stack(0x000000001db70000,0x000000001dc70000)]
  0x000000001d327000 JavaThread "Java2D Disposer" daemon [_thread_blocked, id=2400, stack(0x000000001da70000,0x000000001db70000)]
  0x000000001c129000 JavaThread "Service Thread" daemon [_thread_blocked, id=13544, stack(0x000000001cc70000,0x000000001cd70000)]
  0x000000001c096800 JavaThread "C1 CompilerThread3" daemon [_thread_blocked, id=8456, stack(0x000000001cb70000,0x000000001cc70000)]
  0x000000001c092800 JavaThread "C2 CompilerThread2" daemon [_thread_blocked, id=7076, stack(0x000000001ca70000,0x000000001cb70000)]
  0x000000001c090000 JavaThread "C2 CompilerThread1" daemon [_thread_blocked, id=10552, stack(0x000000001c970000,0x000000001ca70000)]
  0x000000001c08d000 JavaThread "C2 CompilerThread0" daemon [_thread_blocked, id=14276, stack(0x000000001c870000,0x000000001c970000)]
  0x000000001c08b000 JavaThread "Attach Listener" daemon [_thread_blocked, id=4796, stack(0x000000001c770000,0x000000001c870000)]
  0x000000001c08a000 JavaThread "Signal Dispatcher" daemon [_thread_blocked, id=4684, stack(0x000000001c670000,0x000000001c770000)]
  0x000000000527e800 JavaThread "Finalizer" daemon [_thread_blocked, id=896, stack(0x000000001c460000,0x000000001c560000)]
  0x0000000005275000 JavaThread "Reference Handler" daemon [_thread_blocked, id=8108, stack(0x000000001bf60000,0x000000001c060000)]

Other Threads:
  0x000000001a169800 VMThread [stack: 0x000000001be60000,0x000000001bf60000] [id=14960]
  0x000000001c15d800 WatcherThread [stack: 0x000000001cd70000,0x000000001ce70000] [id=12708]

VM state:not at safepoint (normal execution)

VM Mutex/Monitor currently owned by a thread: None

Heap:
 PSYoungGen      total 37888K, used 37587K [0x00000000d6300000, 0x00000000d8d00000, 0x0000000100000000)
  eden space 32768K, 99% used [0x00000000d6300000,0x00000000d82baba8,0x00000000d8300000)
  from space 5120K, 99% used [0x00000000d8300000,0x00000000d87fa3f0,0x00000000d8800000)
  to   space 5120K, 0% used [0x00000000d8800000,0x00000000d8800000,0x00000000d8d00000)
 ParOldGen       total 86016K, used 613K [0x0000000082800000, 0x0000000087c00000, 0x00000000d6300000)
  object space 86016K, 0% used [0x0000000082800000,0x0000000082899468,0x0000000087c00000)
 Metaspace       used 19864K, capacity 20132K, committed 20608K, reserved 1067008K
  class space    used 2256K, capacity 2349K, committed 2432K, reserved 1048576K

Card table byte_map: [0x0000000014640000,0x0000000014a30000] byte_map_base: 0x000000001422c000

Marking Bits: (ParMarkBitMap*) 0x00000000721bc720
 Begin Bits: [0x00000000154d0000, 0x0000000017430000)
 End Bits:   [0x0000000017430000, 0x0000000019390000)

Polling page: 0x0000000004f10000

CodeCache: size=245760Kb used=4320Kb max_used=4332Kb free=241439Kb
 bounds [0x0000000005280000, 0x00000000056c0000, 0x0000000014280000]
 total_blobs=2030 nmethods=1111 adapters=832
 compilation: enabled

Compilation events (10 events):
Event: 1.976 Thread 0x000000001c08d000 1107       4       java.util.regex.Pattern$BitClass::isSatisfiedBy (22 bytes)
Event: 1.976 Thread 0x000000001c08d000 nmethod 1107 0x00000000056ad890 code [0x00000000056ad9c0, 0x00000000056ada78]
Event: 1.977 Thread 0x000000001c096800 1108       1       sun.nio.fs.WindowsPathParser$Result::type (5 bytes)
Event: 1.977 Thread 0x000000001c096800 nmethod 1108 0x00000000056ad590 code [0x00000000056ad6e0, 0x00000000056ad7f0]
Event: 1.977 Thread 0x000000001c096800 1109       1       sun.nio.fs.WindowsPathParser$Result::root (5 bytes)
Event: 1.977 Thread 0x000000001c096800 nmethod 1109 0x00000000056b4550 code [0x00000000056b46a0, 0x00000000056b47b0]
Event: 1.977 Thread 0x000000001c096800 1110       1       sun.nio.fs.WindowsPathParser$Result::path (5 bytes)
Event: 1.977 Thread 0x000000001c096800 nmethod 1110 0x00000000056b4290 code [0x00000000056b43e0, 0x00000000056b44f0]
Event: 1.977 Thread 0x000000001c096800 1111       3       java.lang.String::codePointAt (36 bytes)
Event: 1.977 Thread 0x000000001c096800 nmethod 1111 0x00000000056b3d50 code [0x00000000056b3ee0, 0x00000000056b4158]

GC Heap History (2 events):
Event: 1.342 GC heap before
{Heap before GC invocations=1 (full 0):
 PSYoungGen      total 37888K, used 32768K [0x00000000d6300000, 0x00000000d8d00000, 0x0000000100000000)
  eden space 32768K, 100% used [0x00000000d6300000,0x00000000d8300000,0x00000000d8300000)
  from space 5120K, 0% used [0x00000000d8800000,0x00000000d8800000,0x00000000d8d00000)
  to   space 5120K, 0% used [0x00000000d8300000,0x00000000d8300000,0x00000000d8800000)
 ParOldGen       total 86016K, used 0K [0x0000000082800000, 0x0000000087c00000, 0x00000000d6300000)
  object space 86016K, 0% used [0x0000000082800000,0x0000000082800000,0x0000000087c00000)
 Metaspace       used 15338K, capacity 15538K, committed 15872K, reserved 1062912K
  class space    used 1679K, capacity 1762K, committed 1792K, reserved 1048576K
Event: 1.356 GC heap after
Heap after GC invocations=1 (full 0):
 PSYoungGen      total 37888K, used 5096K [0x00000000d6300000, 0x00000000d8d00000, 0x0000000100000000)
  eden space 32768K, 0% used [0x00000000d6300000,0x00000000d6300000,0x00000000d8300000)
  from space 5120K, 99% used [0x00000000d8300000,0x00000000d87fa3f0,0x00000000d8800000)
  to   space 5120K, 0% used [0x00000000d8800000,0x00000000d8800000,0x00000000d8d00000)
 ParOldGen       total 86016K, used 613K [0x0000000082800000, 0x0000000087c00000, 0x00000000d6300000)
  object space 86016K, 0% used [0x0000000082800000,0x0000000082899468,0x0000000087c00000)
 Metaspace       used 15338K, capacity 15538K, committed 15872K, reserved 1062912K
  class space    used 1679K, capacity 1762K, committed 1792K, reserved 1048576K
}

Deoptimization events (10 events):
Event: 1.506 Thread 0x000000000507e000 Uncommon trap: reason=unstable_if action=reinterpret pc=0x000000000552b334 method=java.lang.reflect.AccessibleObject.setAccessible0(Ljava/lang/reflect/AccessibleObject;Z)V @ 4
Event: 1.542 Thread 0x000000000507e000 Uncommon trap: reason=unstable_if action=reinterpret pc=0x0000000005519a30 method=java.util.HashMap.putVal(ILjava/lang/Object;Ljava/lang/Object;ZZ)Ljava/lang/Object; @ 109
Event: 1.784 Thread 0x000000001d440000 Uncommon trap: reason=unstable_if action=reinterpret pc=0x000000000562a430 method=java.io.BufferedInputStream.read()I @ 8
Event: 1.788 Thread 0x000000001d440000 Uncommon trap: reason=unstable_if action=reinterpret pc=0x000000000562e354 method=java.io.BufferedInputStream.read()I @ 8
Event: 1.791 Thread 0x000000001d440000 Uncommon trap: reason=unstable_if action=reinterpret pc=0x0000000005631a80 method=java.io.BufferedInputStream.read()I @ 8
Event: 1.794 Thread 0x000000001d440000 Uncommon trap: reason=unstable_if action=reinterpret pc=0x00000000056328b8 method=java.io.BufferedInputStream.read()I @ 8
Event: 1.893 Thread 0x000000001d440000 Uncommon trap: reason=unstable_if action=reinterpret pc=0x0000000005690e18 method=jogamp.opengl.util.jpeg.JPEGDecoder.getPixel(Ljogamp/opengl/util/jpeg/JPEGDecoder$ColorSink;II)V @ 465
Event: 1.897 Thread 0x000000001d440000 Uncommon trap: reason=unstable_if action=reinterpret pc=0x000000000562012c method=java.io.BufferedInputStream.read()I @ 8
Event: 1.910 Thread 0x000000001d440000 Uncommon trap: reason=unstable_if action=reinterpret pc=0x000000000565ae7c method=jogamp.opengl.util.jpeg.JPEGDecoder$Output.quantizeAndInverse([I[B[I[I)V @ 98
Event: 1.910 Thread 0x000000001d440000 Uncommon trap: reason=unstable_if action=reinterpret pc=0x0000000005658590 method=jogamp.opengl.util.jpeg.JPEGDecoder$Output.quantizeAndInverse([I[B[I[I)V @ 68

Internal exceptions (10 events):
Event: 0.232 Thread 0x000000000507e000 Exception <a 'java/lang/ClassNotFoundException': ToggleButton> (0x00000000d6783a18) thrown at [C:\re\workspace\8-2-build-windows-amd64-cygwin\jdk8u131\8869\hotspot\src\share\vm\classfile\systemDictionary.cpp, line 210]
Event: 0.232 Thread 0x000000000507e000 Exception <a 'java/lang/ClassNotFoundException': javax/swing/JToolBarSeparator> (0x00000000d6783e78) thrown at [C:\re\workspace\8-2-build-windows-amd64-cygwin\jdk8u131\8869\hotspot\src\share\vm\classfile\systemDictionary.cpp, line 210]
Event: 0.232 Thread 0x000000000507e000 Exception <a 'java/lang/ClassNotFoundException': ToolBarSeparator> (0x00000000d6784310) thrown at [C:\re\workspace\8-2-build-windows-amd64-cygwin\jdk8u131\8869\hotspot\src\share\vm\classfile\systemDictionary.cpp, line 210]
Event: 0.232 Thread 0x000000000507e000 Exception <a 'java/lang/ClassNotFoundException': ToolTip> (0x00000000d6784a90) thrown at [C:\re\workspace\8-2-build-windows-amd64-cygwin\jdk8u131\8869\hotspot\src\share\vm\classfile\systemDictionary.cpp, line 210]
Event: 0.233 Thread 0x000000000507e000 Exception <a 'java/lang/ClassNotFoundException': Tree> (0x00000000d67856e8) thrown at [C:\re\workspace\8-2-build-windows-amd64-cygwin\jdk8u131\8869\hotspot\src\share\vm\classfile\systemDictionary.cpp, line 210]
Event: 0.233 Thread 0x000000000507e000 Exception <a 'java/lang/ClassNotFoundException': Tree> (0x00000000d6785e28) thrown at [C:\re\workspace\8-2-build-windows-amd64-cygwin\jdk8u131\8869\hotspot\src\share\vm\classfile\systemDictionary.cpp, line 210]
Event: 0.233 Thread 0x000000000507e000 Exception <a 'java/lang/ClassNotFoundException': javax/swing/JTreeCell> (0x00000000d67861a8) thrown at [C:\re\workspace\8-2-build-windows-amd64-cygwin\jdk8u131\8869\hotspot\src\share\vm\classfile\systemDictionary.cpp, line 210]
Event: 0.233 Thread 0x000000000507e000 Exception <a 'java/lang/ClassNotFoundException': TreeCell> (0x00000000d6786630) thrown at [C:\re\workspace\8-2-build-windows-amd64-cygwin\jdk8u131\8869\hotspot\src\share\vm\classfile\systemDictionary.cpp, line 210]
Event: 0.233 Thread 0x000000000507e000 Exception <a 'java/lang/ClassNotFoundException': RootPane> (0x00000000d67870d0) thrown at [C:\re\workspace\8-2-build-windows-amd64-cygwin\jdk8u131\8869\hotspot\src\share\vm\classfile\systemDictionary.cpp, line 210]
Event: 0.238 Thread 0x000000000507e000 Exception <a 'java/io/FileNotFoundException'> (0x00000000d678d2d8) thrown at [C:\re\workspace\8-2-build-windows-amd64-cygwin\jdk8u131\8869\hotspot\src\share\vm\prims\jni.cpp, line 709]

Events (10 events):
Event: 1.936 loading class sun/nio/fs/WindowsChannelFactory$1
Event: 1.937 loading class sun/nio/fs/WindowsChannelFactory$1 done
Event: 1.937 loading class sun/nio/fs/WindowsChannelFactory$Flags
Event: 1.937 loading class sun/nio/fs/WindowsChannelFactory$Flags done
Event: 1.937 loading class java/nio/channels/Channels
Event: 1.937 loading class java/nio/channels/Channels done
Event: 1.937 loading class sun/nio/ch/ChannelInputStream
Event: 1.937 loading class sun/nio/ch/ChannelInputStream done
Event: 1.937 loading class java/nio/channels/SelectableChannel
Event: 1.937 loading class java/nio/channels/SelectableChannel done


Dynamic libraries:
0x00007ff7f51d0000 - 0x00007ff7f5207000 	C:\Program Files\Java\jdk1.8.0_131\jre\bin\java.exe
0x00007ff969a40000 - 0x00007ff969c20000 	C:\WINDOWS\SYSTEM32\ntdll.dll
0x00007ff966f50000 - 0x00007ff966ffe000 	C:\WINDOWS\System32\KERNEL32.DLL
0x00007ff966280000 - 0x00007ff9664e6000 	C:\WINDOWS\System32\KERNELBASE.dll
0x00007ff967000000 - 0x00007ff9670a1000 	C:\WINDOWS\System32\ADVAPI32.dll
0x00007ff968060000 - 0x00007ff9680fd000 	C:\WINDOWS\System32\msvcrt.dll
0x00007ff967800000 - 0x00007ff96785b000 	C:\WINDOWS\System32\sechost.dll
0x00007ff967f40000 - 0x00007ff96805f000 	C:\WINDOWS\System32\RPCRT4.dll
0x00007ff967bf0000 - 0x00007ff967d7f000 	C:\WINDOWS\System32\USER32.dll
0x00007ff966e90000 - 0x00007ff966eb0000 	C:\WINDOWS\System32\win32u.dll
0x00007ff967630000 - 0x00007ff967658000 	C:\WINDOWS\System32\GDI32.dll
0x00007ff966060000 - 0x00007ff9661f3000 	C:\WINDOWS\System32\gdi32full.dll
0x00007ff9664f0000 - 0x00007ff96658b000 	C:\WINDOWS\System32\msvcp_win.dll
0x00007ff966d90000 - 0x00007ff966e86000 	C:\WINDOWS\System32\ucrtbase.dll
0x00007ff95a230000 - 0x00007ff95a499000 	C:\WINDOWS\WinSxS\amd64_microsoft.windows.common-controls_6595b64144ccf1df_6.0.16299.192_none_15c8cdae9364c23b\COMCTL32.dll
0x00007ff967860000 - 0x00007ff967b68000 	C:\WINDOWS\System32\combase.dll
0x00007ff966200000 - 0x00007ff966272000 	C:\WINDOWS\System32\bcryptPrimitives.dll
0x00007ff966f10000 - 0x00007ff966f3d000 	C:\WINDOWS\System32\IMM32.DLL
0x0000000072560000 - 0x0000000072632000 	C:\Program Files\Java\jdk1.8.0_131\jre\bin\msvcr100.dll
0x00000000719a0000 - 0x000000007223c000 	C:\Program Files\Java\jdk1.8.0_131\jre\bin\server\jvm.dll
0x00007ff967be0000 - 0x00007ff967be8000 	C:\WINDOWS\System32\PSAPI.DLL
0x00007ff964a40000 - 0x00007ff964a49000 	C:\WINDOWS\SYSTEM32\WSOCK32.dll
0x00007ff961790000 - 0x00007ff9617b3000 	C:\WINDOWS\SYSTEM32\WINMM.dll
0x00007ff95eff0000 - 0x00007ff95effa000 	C:\WINDOWS\SYSTEM32\VERSION.dll
0x00007ff967b70000 - 0x00007ff967bdc000 	C:\WINDOWS\System32\WS2_32.dll
0x00007ff961730000 - 0x00007ff96175a000 	C:\WINDOWS\SYSTEM32\winmmbase.dll
0x00007ff966010000 - 0x00007ff96605a000 	C:\WINDOWS\System32\cfgmgr32.dll
0x0000000072ab0000 - 0x0000000072abf000 	C:\Program Files\Java\jdk1.8.0_131\jre\bin\verify.dll
0x0000000072a80000 - 0x0000000072aa9000 	C:\Program Files\Java\jdk1.8.0_131\jre\bin\java.dll
0x0000000072a60000 - 0x0000000072a76000 	C:\Program Files\Java\jdk1.8.0_131\jre\bin\zip.dll
0x00007ff9681a0000 - 0x00007ff9695d6000 	C:\WINDOWS\System32\SHELL32.dll
0x00007ff967de0000 - 0x00007ff967e86000 	C:\WINDOWS\System32\shcore.dll
0x00007ff966640000 - 0x00007ff966d87000 	C:\WINDOWS\System32\windows.storage.dll
0x00007ff967d80000 - 0x00007ff967dd1000 	C:\WINDOWS\System32\shlwapi.dll
0x00007ff965e00000 - 0x00007ff965e11000 	C:\WINDOWS\System32\kernel.appcore.dll
0x00007ff965db0000 - 0x00007ff965dfc000 	C:\WINDOWS\System32\powrprof.dll
0x00007ff965d90000 - 0x00007ff965dab000 	C:\WINDOWS\System32\profapi.dll
0x0000000071800000 - 0x0000000071998000 	C:\Program Files\Java\jdk1.8.0_131\jre\bin\awt.dll
0x00007ff967500000 - 0x00007ff9675c5000 	C:\WINDOWS\System32\OLEAUT32.dll
0x00007ff9632d0000 - 0x00007ff963358000 	C:\WINDOWS\SYSTEM32\apphelp.dll
0x00007ff9635e0000 - 0x00007ff963675000 	C:\WINDOWS\system32\uxtheme.dll
0x00007ff9695e0000 - 0x00007ff969747000 	C:\WINDOWS\System32\MSCTF.dll
0x00007ff964280000 - 0x00007ff9642aa000 	C:\WINDOWS\system32\dwmapi.dll
0x00007ff969750000 - 0x00007ff969899000 	C:\WINDOWS\System32\ole32.dll
0x00000000717b0000 - 0x00000000717f7000 	C:\Program Files\Java\jdk1.8.0_131\jre\bin\fontmanager.dll
0x00007ff942750000 - 0x00007ff94286e000 	C:\WINDOWS\system32\opengl32.dll
0x00007ff945a80000 - 0x00007ff945aac000 	C:\WINDOWS\SYSTEM32\GLU32.dll
0x00007ff9657e0000 - 0x00007ff9657f7000 	C:\WINDOWS\SYSTEM32\CRYPTSP.dll
0x00007ff965230000 - 0x00007ff965263000 	C:\WINDOWS\system32\rsaenh.dll
0x00007ff9658f0000 - 0x00007ff965915000 	C:\WINDOWS\SYSTEM32\bcrypt.dll
0x00007ff965c90000 - 0x00007ff965cb9000 	C:\WINDOWS\SYSTEM32\USERENV.dll
0x00007ff965800000 - 0x00007ff96580b000 	C:\WINDOWS\SYSTEM32\CRYPTBASE.dll
0x0000000072a40000 - 0x0000000072a5a000 	C:\Program Files\Java\jdk1.8.0_131\jre\bin\net.dll
0x00007ff965620000 - 0x00007ff965686000 	C:\WINDOWS\system32\mswsock.dll
0x00007ff9653b0000 - 0x00007ff9653e9000 	C:\WINDOWS\SYSTEM32\IPHLPAPI.DLL
0x00007ff967e90000 - 0x00007ff967e98000 	C:\WINDOWS\System32\NSI.dll
0x00007ff95ed30000 - 0x00007ff95ed46000 	C:\WINDOWS\SYSTEM32\dhcpcsvc6.DLL
0x00007ff95eee0000 - 0x00007ff95eefa000 	C:\WINDOWS\SYSTEM32\dhcpcsvc.DLL
0x0000000072540000 - 0x0000000072551000 	C:\Program Files\Java\jdk1.8.0_131\jre\bin\nio.dll
0x00000000637c0000 - 0x00000000637cd000 	C:\Users\kaj75\AppData\Local\Temp\jogamp_0000\file_cache\jln2163554746911688424\jln8539955648181111846\natives\windows-amd64\gluegen-rt.dll
0x0000000072530000 - 0x0000000072537000 	C:\Program Files\Java\jdk1.8.0_131\jre\bin\jawt.dll
0x000000006a440000 - 0x000000006a44d000 	C:\Users\kaj75\AppData\Local\Temp\jogamp_0000\file_cache\jln2163554746911688424\jln8539955648181111846\natives\windows-amd64\nativewindow_awt.dll
0x000000006c100000 - 0x000000006c10f000 	C:\Users\kaj75\AppData\Local\Temp\jogamp_0000\file_cache\jln2163554746911688424\jln8539955648181111846\natives\windows-amd64\nativewindow_win32.dll
0x0000000064500000 - 0x00000000645b1000 	C:\Users\kaj75\AppData\Local\Temp\jogamp_0000\file_cache\jln2163554746911688424\jln8539955648181111846\natives\windows-amd64\jogl_desktop.dll
0x00007ff946660000 - 0x00007ff9468d7000 	C:\Program Files\MiKTeX 2.9\miktex\bin\x64\libGLESv2.dll
0x00007ff93db00000 - 0x00007ff93db16000 	C:\WINDOWS\SYSTEM32\VCRUNTIME140.dll
0x00007ff93da60000 - 0x00007ff93dafc000 	C:\WINDOWS\SYSTEM32\MSVCP140.dll
0x00007ff955ba0000 - 0x00007ff955d35000 	C:\WINDOWS\SYSTEM32\d3d9.dll
0x0000000064340000 - 0x00000000643a2000 	C:\Users\kaj75\AppData\Local\Temp\jogamp_0000\file_cache\jln2163554746911688424\jln8539955648181111846\natives\windows-amd64\jogl_mobile.dll
0x00007ff913fd0000 - 0x00007ff914d19000 	C:\WINDOWS\System32\DriverStore\FileRepository\120322.inf_amd64_496b556827a662cb\ig9icd64.dll
0x00007ff964a20000 - 0x00007ff964a33000 	C:\WINDOWS\SYSTEM32\WTSAPI32.dll
0x00007ff95a4a0000 - 0x00007ff95b5fd000 	C:\WINDOWS\System32\DriverStore\FileRepository\120322.inf_amd64_496b556827a662cb\igc64.dll
0x0000000071760000 - 0x00000000717a2000 	C:\Program Files\Java\jdk1.8.0_131\jre\bin\t2k.dll
0x00007ff959410000 - 0x00007ff9594a8000 	C:\WINDOWS\System32\TextInputFramework.dll
0x00007ff95f7c0000 - 0x00007ff95faae000 	C:\WINDOWS\System32\CoreUIComponents.dll
0x00007ff962a50000 - 0x00007ff962b2c000 	C:\WINDOWS\System32\CoreMessaging.dll
0x00007ff964ed0000 - 0x00007ff964f01000 	C:\WINDOWS\SYSTEM32\ntmarta.dll
0x00007ff961340000 - 0x00007ff961476000 	C:\WINDOWS\SYSTEM32\wintypes.dll
0x0000000071730000 - 0x000000007175a000 	C:\Program Files\Java\jdk1.8.0_131\jre\bin\dcpr.dll
0x00007ff964730000 - 0x00007ff9648f8000 	C:\WINDOWS\SYSTEM32\dbghelp.dll

VM Arguments:
jvm_args: -Dfile.encoding=UTF-8 
java_command: robotrace.RobotRace
java_class_path (initial): D:\TUE\Computer Graphics\RobotRace\RobotRace\lib\jogl-all.jar;D:\TUE\Computer Graphics\RobotRace\RobotRace\lib\gluegen-rt.jar;D:\TUE\Computer Graphics\RobotRace\RobotRace\lib\RobotRaceLibrary.jar;D:\TUE\Computer Graphics\RobotRace\RobotRace\build\classes
Launcher Type: SUN_STANDARD

Environment Variables:
JAVA_HOME=C:\tools\jdk1.8.0_111
USERNAME=kaj75
OS=Windows_NT
PROCESSOR_IDENTIFIER=Intel64 Family 6 Model 94 Stepping 3, GenuineIntel



---------------  S Y S T E M  ---------------

OS: Windows 10.0 , 64 bit Build 16299 (10.0.16299.15)

CPU:total 8 (initial active 8) (4 cores per cpu, 2 threads per core) family 6 model 94 stepping 3, cmov, cx8, fxsr, mmx, sse, sse2, sse3, ssse3, sse4.1, sse4.2, popcnt, avx, avx2, aes, clmul, erms, rtm, 3dnowpref, lzcnt, ht, tsc, tscinvbit, bmi1, bmi2, adx

Memory: 4k page, physical 8223464k(2340328k free), swap 13728488k(4672068k free)

vm_info: Java HotSpot(TM) 64-Bit Server VM (25.131-b11) for windows-amd64 JRE (1.8.0_131-b11), built on Mar 15 2017 01:23:53 by "java_re" with MS VC++ 10.0 (VS2010)

time: Sat Jan 13 13:15:42 2018
elapsed time: 2 seconds (0d 0h 0m 2s)

